V |                      | HandleShellCompletion.OnBuildCreated (200)
V |                      | ArgumentsFromParametersFile.OnBuildCreated (150)
V |                      | Passing value for RevitBuild.Solution (HoleDesignation.sln)
V |                      | InjectParameterValues.OnBuildCreated (100)
V |                      | GenerateBuildServerConfigurations.OnBuildCreated (50)
V |                      | InvokeBuildServerConfigurationGeneration.OnBuildCreated (45)
V |                      | UpdateNotification.OnBuildCreated (10)
V |                      | UnsetVisualStudioEnvironmentVariables.OnBuildCreated (0)
V |                      | HandleVisualStudioDebugging.OnBuildCreated (0)
V |                      | EventInvoker.OnBuildCreated (-3.4028235E+38)
V |                      | HandleHelpRequests.OnBuildInitialized (5)
V |                      | CheckBuildProjectConfigurations.OnBuildInitialized (0)
W |                      | Solution C:\Users\Undea\OneDrive\Рабочий стол\HoleDesignation\HoleDesignation\HoleDesignation.sln has an active build configuration for C:\Users\Undea\OneDrive\Рабочий стол\HoleDesignation\build\_build.csproj
V |                      | Telemetry.OnBuildInitialized (0)
V |                      | Sending BuildStarted telemetry event ...
V |                      |   build_components         = 
V |                      |   build_type               = Project
V |                      |   compile_time             = 6
V |                      |   config_generators        = 
V |                      |   host                     = VisualStudio
V |                      |   num_custom_components    = 0
V |                      |   num_custom_extensions    = 0
V |                      |   num_partitioned_targets  = 0
V |                      |   num_secrets              = 0
V |                      |   num_targets              = 12
V |                      |   os_architecture          = X64
V |                      |   os_platform              = Windows
V |                      |   repo_branch              = main
V |                      |   repo_commit              = e51050
V |                      |   repo_provider            = GitHub
V |                      |   repo_url                 = 8f9401
V |                      |   target_framework         = .NETCoreApp,Version=v6.0
V |                      |   version_dotnet_sdk       = 6.0.202
V |                      |   version_nuke_common      = 6.0.2
V |                      |   version_nuke_global_tool = 6.0.2
V |                      | InjectNonParameterValues.OnBuildInitialized (-100)
V |                      | EventInvoker.OnBuildInitialized (-3.4028235E+38)
V | Clean                | EventInvoker.OnTargetRunning (-3.4028235E+38)
V | Clean                | Telemetry.OnTargetSucceeded (0)
V | Clean                | EventInvoker.OnTargetSucceeded (-3.4028235E+38)
V | Restore              | EventInvoker.OnTargetRunning (-3.4028235E+38)
I | Restore              | > "C:\Program Files\dotnet\dotnet.exe" restore "C:\Users\Undea\OneDrive\Рабочий стол\HoleDesignation\HoleDesignation\HoleDesignation.sln"
D | Restore              |   Определение проектов для восстановления...
D | Restore              |   Восстановлен C:\Users\Undea\OneDrive\Рабочий стол\HoleDesignation\HoleDesignation\HoleDesignation\HoleDesignation.csproj (за 220 ms).
D | Restore              |   Восстановлен C:\Users\Undea\OneDrive\Рабочий стол\HoleDesignation\HoleDesignation\GENPRO_Design\GENPRO_Design.csproj (за 220 ms).
V | Restore              | Telemetry.OnTargetSucceeded (0)
V | Restore              | Sending TargetSucceeded telemetry event ...
V | Restore              |   build_components         = 
V | Restore              |   build_type               = Project
V | Restore              |   compile_time             = 14
V | Restore              |   config_generators        = 
V | Restore              |   host                     = VisualStudio
V | Restore              |   num_custom_components    = 0
V | Restore              |   num_custom_extensions    = 0
V | Restore              |   num_partitioned_targets  = 0
V | Restore              |   num_secrets              = 0
V | Restore              |   num_targets              = 12
V | Restore              |   os_architecture          = X64
V | Restore              |   os_platform              = Windows
V | Restore              |   repo_branch              = main
V | Restore              |   repo_commit              = e51050
V | Restore              |   repo_provider            = GitHub
V | Restore              |   repo_url                 = 8f9401
V | Restore              |   target_current_partition = 1
V | Restore              |   target_duration          = 2
V | Restore              |   target_framework         = .NETCoreApp,Version=v6.0
V | Restore              |   target_name              = Restore
V | Restore              |   target_total_partitions  = 1
V | Restore              |   version_dotnet_sdk       = 6.0.202
V | Restore              |   version_nuke_common      = 6.0.2
V | Restore              |   version_nuke_global_tool = 6.0.2
V | Restore              | EventInvoker.OnTargetSucceeded (-3.4028235E+38)
V | CompileToTemp        | EventInvoker.OnTargetRunning (-3.4028235E+38)
I | CompileToTemp        | > "C:\Program Files\dotnet\dotnet.exe" build "C:\Users\Undea\OneDrive\Рабочий стол\HoleDesignation\HoleDesignation\HoleDesignation\HoleDesignation.csproj" --configuration Debug --output C:\Users\Undea\AppData\Local\Temp\RxBim_build_9bda395d-169b-45ad-a2b1-92a12c433074\bin
D | CompileToTemp        | Microsoft (R) Build Engine версии 17.1.1+a02f73656 для .NET
D | CompileToTemp        | (C) Корпорация Майкрософт (Microsoft Corporation). Все права защищены.
D | CompileToTemp        | 
D | CompileToTemp        |   Определение проектов для восстановления...
D | CompileToTemp        |   Все проекты обновлены для восстановления.
E | CompileToTemp        | C:\Program Files\dotnet\sdk\6.0.202\Microsoft.Common.CurrentVersion.targets(3261,5): error MSB3822: для ресурсов, не являющихся строковыми, во время выполнения требуется сборка System.Resources.Extensions, однако она не была найдена в ссылках этого проекта. [C:\Users\Undea\OneDrive\Рабочий стол\HoleDesignation\HoleDesignation\GENPRO_Design\GENPRO_Design.csproj]
D | CompileToTemp        | 
D | CompileToTemp        | Ошибка сборки.
D | CompileToTemp        | 
E | CompileToTemp        | C:\Program Files\dotnet\sdk\6.0.202\Microsoft.Common.CurrentVersion.targets(3261,5): error MSB3822: для ресурсов, не являющихся строковыми, во время выполнения требуется сборка System.Resources.Extensions, однако она не была найдена в ссылках этого проекта. [C:\Users\Undea\OneDrive\Рабочий стол\HoleDesignation\HoleDesignation\GENPRO_Design\GENPRO_Design.csproj]
D | CompileToTemp        |     Предупреждений: 0
D | CompileToTemp        |     Ошибок: 1
D | CompileToTemp        | 
D | CompileToTemp        | Прошло времени 00:00:02.02
E | CompileToTemp        | Running target CompileToTemp failed
Nuke.Common.Tooling.ProcessException: Process 'dotnet.exe' exited with code 1.
   > "C:\Program Files\dotnet\dotnet.exe" build "C:\Users\Undea\OneDrive\Рабочий стол\HoleDesignation\HoleDesignation\HoleDesignation\HoleDesignation.csproj" --configuration Debug --output C:\Users\Undea\AppData\Local\Temp\RxBim_build_9bda395d-169b-45ad-a2b1-92a12c433074\bin
   @ C:\Users\Undea\OneDrive\Рабочий стол\HoleDesignation\HoleDesignation

   at Nuke.Common.Tooling.ProcessExtensions.AssertZeroExitCode(IProcess process)
   at Nuke.Common.Tools.DotNet.DotNetTasks.DotNetBuild(DotNetBuildSettings toolSettings)
   at Nuke.Common.Tools.DotNet.DotNetTasks.DotNetBuild(Configure`1 configurator)
   at RevitBuild.<get_CompileToTemp>b__53_2()
   at Nuke.Common.Execution.BuildExecutor.<>c.<Execute>b__4_2(Action x)
   at Nuke.Common.Utilities.Collections.EnumerableExtensions.ForEach[T](IEnumerable`1 enumerable, Action`1 action)
   at Nuke.Common.Execution.BuildExecutor.Execute(NukeBuild build, ExecutableTarget target, IReadOnlyCollection`1 previouslyExecutedTargets, Boolean failureMode)
V | CompileToTemp        | EventInvoker.OnTargetFailed (-3.4028235E+38)
