V |                      | HandleShellCompletion.OnBuildCreated (200)
V |                      | ArgumentsFromParametersFile.OnBuildCreated (150)
V |                      | Passing value for RevitBuild.Solution (HoleDesignation.sln)
V |                      | InjectParameterValues.OnBuildCreated (100)
V |                      | GenerateBuildServerConfigurations.OnBuildCreated (50)
V |                      | InvokeBuildServerConfigurationGeneration.OnBuildCreated (45)
V |                      | UpdateNotification.OnBuildCreated (10)
V |                      | UnsetVisualStudioEnvironmentVariables.OnBuildCreated (0)
V |                      | HandleVisualStudioDebugging.OnBuildCreated (0)
V |                      | EventInvoker.OnBuildCreated (-3.4028235E+38)
V |                      | HandleHelpRequests.OnBuildInitialized (5)
V |                      | CheckBuildProjectConfigurations.OnBuildInitialized (0)
W |                      | Solution C:\Users\Undea\OneDrive\Рабочий стол\HoleDesignation\HoleDesignation\HoleDesignation.sln has an active build configuration for C:\Users\Undea\OneDrive\Рабочий стол\HoleDesignation\build\_build.csproj
V |                      | Telemetry.OnBuildInitialized (0)
V |                      | Sending BuildStarted telemetry event ...
V |                      |   build_components         = 
V |                      |   build_type               = Project
V |                      |   compile_time             = 4
V |                      |   config_generators        = 
V |                      |   host                     = VisualStudio
V |                      |   num_custom_components    = 0
V |                      |   num_custom_extensions    = 0
V |                      |   num_partitioned_targets  = 0
V |                      |   num_secrets              = 0
V |                      |   num_targets              = 12
V |                      |   os_architecture          = X64
V |                      |   os_platform              = Windows
V |                      |   target_framework         = .NETCoreApp,Version=v6.0
V |                      |   version_dotnet_sdk       = 6.0.202
V |                      |   version_nuke_common      = 6.0.2
V |                      |   version_nuke_global_tool = 6.0.2
V |                      | InjectNonParameterValues.OnBuildInitialized (-100)
V |                      | EventInvoker.OnBuildInitialized (-3.4028235E+38)
V | Clean                | EventInvoker.OnTargetRunning (-3.4028235E+38)
V | Clean                | Telemetry.OnTargetSucceeded (0)
V | Clean                | EventInvoker.OnTargetSucceeded (-3.4028235E+38)
V | Restore              | EventInvoker.OnTargetRunning (-3.4028235E+38)
I | Restore              | > "C:\Program Files\dotnet\dotnet.exe" restore "C:\Users\Undea\OneDrive\Рабочий стол\HoleDesignation\HoleDesignation\HoleDesignation.sln"
D | Restore              |   Определение проектов для восстановления...
D | Restore              |   Все проекты обновлены для восстановления.
V | Restore              | Telemetry.OnTargetSucceeded (0)
V | Restore              | Sending TargetSucceeded telemetry event ...
V | Restore              |   build_components         = 
V | Restore              |   build_type               = Project
V | Restore              |   compile_time             = 11
V | Restore              |   config_generators        = 
V | Restore              |   host                     = VisualStudio
V | Restore              |   num_custom_components    = 0
V | Restore              |   num_custom_extensions    = 0
V | Restore              |   num_partitioned_targets  = 0
V | Restore              |   num_secrets              = 0
V | Restore              |   num_targets              = 12
V | Restore              |   os_architecture          = X64
V | Restore              |   os_platform              = Windows
V | Restore              |   target_current_partition = 1
V | Restore              |   target_duration          = 1
V | Restore              |   target_framework         = .NETCoreApp,Version=v6.0
V | Restore              |   target_name              = Restore
V | Restore              |   target_total_partitions  = 1
V | Restore              |   version_dotnet_sdk       = 6.0.202
V | Restore              |   version_nuke_common      = 6.0.2
V | Restore              |   version_nuke_global_tool = 6.0.2
V | Restore              | EventInvoker.OnTargetSucceeded (-3.4028235E+38)
V | CompileToTemp        | EventInvoker.OnTargetRunning (-3.4028235E+38)
I | CompileToTemp        | > "C:\Program Files\dotnet\dotnet.exe" build "C:\Users\Undea\OneDrive\Рабочий стол\HoleDesignation\HoleDesignation\HoleDesignation\HoleDesignation.csproj" --configuration Debug --output C:\Users\Undea\AppData\Local\Temp\RxBim_build_069aa6be-6a50-44b1-a313-c533f5b3e620\bin
D | CompileToTemp        | Microsoft (R) Build Engine версии 17.1.1+a02f73656 для .NET
D | CompileToTemp        | (C) Корпорация Майкрософт (Microsoft Corporation). Все права защищены.
D | CompileToTemp        | 
D | CompileToTemp        |   Определение проектов для восстановления...
D | CompileToTemp        |   Все проекты обновлены для восстановления.
D | CompileToTemp        |   HoleDesignation -> C:\Users\Undea\AppData\Local\Temp\RxBim_build_069aa6be-6a50-44b1-a313-c533f5b3e620\bin\HoleDesignation.dll
D | CompileToTemp        | 
D | CompileToTemp        | Сборка успешно завершена.
D | CompileToTemp        |     Предупреждений: 0
D | CompileToTemp        |     Ошибок: 0
D | CompileToTemp        | 
D | CompileToTemp        | Прошло времени 00:00:01.06
V | CompileToTemp        | Telemetry.OnTargetSucceeded (0)
V | CompileToTemp        | EventInvoker.OnTargetSucceeded (-3.4028235E+38)
V | GenerateAdditionalFi | EventInvoker.OnTargetRunning (-3.4028235E+38)
V | GenerateAdditionalFi | Telemetry.OnTargetSucceeded (0)
V | GenerateAdditionalFi | EventInvoker.OnTargetSucceeded (-3.4028235E+38)
V | GeneratePackageConte | EventInvoker.OnTargetRunning (-3.4028235E+38)
V | GeneratePackageConte | Telemetry.OnTargetSucceeded (0)
V | GeneratePackageConte | EventInvoker.OnTargetSucceeded (-3.4028235E+38)
V | SignAssemblies       | EventInvoker.OnTargetRunning (-3.4028235E+38)
V | SignAssemblies       | Telemetry.OnTargetSucceeded (0)
V | SignAssemblies       | EventInvoker.OnTargetSucceeded (-3.4028235E+38)
V | InstallWixTools      | EventInvoker.OnTargetRunning (-3.4028235E+38)
V | InstallWixTools      | Telemetry.OnTargetSucceeded (0)
V | InstallWixTools      | EventInvoker.OnTargetSucceeded (-3.4028235E+38)
V | BuildMsi             | EventInvoker.OnTargetRunning (-3.4028235E+38)
I | BuildMsi             | > C:\Users\Undea\.dotnet\tools\rxbim.msi.builder.exe -p HoleDesignation -j HoleDesignation -i %AppDataFolder%/Autodesk/Revit/Addins/2022 -b C:\Users\Undea\AppData\Local\Temp\RxBim_build_069aa6be-6a50-44b1-a313-c533f5b3e620 -s C:\Users\Undea\AppData\Local\Temp\RxBim_build_069aa6be-6a50-44b1-a313-c533f5b3e620\bin -m C:\Users\Undea\AppData\Local\Temp\RxBim_build_069aa6be-6a50-44b1-a313-c533f5b3e620 -d 2022 -g 41670a3b-f468-42a2-96de-5103d4f339e7 -u 97ea6ffd-9308-4023-9311-7f7085779cd2 -v 1.0.0.1650798782 -o C:\Users\Undea\OneDrive\Рабочий стол\HoleDesignation\HoleDesignation\out -f HoleDesignation -a False
I | BuildMsi             | @ C:\Users\Undea\OneDrive\Рабочий стол\HoleDesignation\HoleDesignation\out
E | BuildMsi             | The application to execute does not exist: 'C:\Users\Undea\.dotnet\tools\.store\rxbim.msibuilder.globaltool\1.0.3\rxbim.msibuilder.globaltool\1.0.3\tools\net5.0\any\RxBim.MsiBuilder.GlobalTool.dll'.
E | BuildMsi             | Running target BuildMsi failed
System.ApplicationException: Building MSI package failed!!!
   at Extensions.ProjectExtensions.BuildMsiWithTool(Project project, String toolPath, Options options)
   at Builders.WixBuilder`1.BuildMsi(Project project, String configuration, String outputDir, String outputBinDir, String version)
   at RevitBuild.BuildMsiInstaller(Project project, String configuration)
   at RevitBuild.<get_BuildMsi>b__59_4()
   at Nuke.Common.Execution.BuildExecutor.<>c.<Execute>b__4_2(Action x)
   at Nuke.Common.Utilities.Collections.EnumerableExtensions.ForEach[T](IEnumerable`1 enumerable, Action`1 action)
   at Nuke.Common.Execution.BuildExecutor.Execute(NukeBuild build, ExecutableTarget target, IReadOnlyCollection`1 previouslyExecutedTargets, Boolean failureMode)
V | BuildMsi             | EventInvoker.OnTargetFailed (-3.4028235E+38)
