09:13:51.681 | V |                      | HandleShellCompletion.OnBuildCreated (200)
09:13:52.582 | V |                      | ArgumentsFromParametersFile.OnBuildCreated (150)
09:13:52.601 | V |                      | Passing value for RevitBuild.Solution (HoleDesignation.sln)
09:13:52.638 | V |                      | InjectParameterValues.OnBuildCreated (100)
09:13:52.705 | V |                      | GenerateBuildServerConfigurations.OnBuildCreated (50)
09:13:52.706 | V |                      | InvokeBuildServerConfigurationGeneration.OnBuildCreated (45)
09:13:52.740 | V |                      | UpdateNotification.OnBuildCreated (10)
09:13:52.740 | V |                      | UnsetVisualStudioEnvironmentVariables.OnBuildCreated (0)
09:13:52.741 | V |                      | HandleVisualStudioDebugging.OnBuildCreated (0)
09:13:52.742 | V |                      | EventInvoker.OnBuildCreated (-3.4028235E+38)
09:13:52.765 | V |                      | HandleHelpRequests.OnBuildInitialized (5)
09:13:52.766 | V |                      | CheckBuildProjectConfigurations.OnBuildInitialized (0)
09:13:53.161 | W |                      | Solution C:\Users\Undea\OneDrive\Рабочий стол\HoleDesignation\HoleDesignation\HoleDesignation.sln has an active build configuration for C:\Users\Undea\OneDrive\Рабочий стол\HoleDesignation\build\_build.csproj
09:13:53.236 | V |                      | Telemetry.OnBuildInitialized (0)
09:13:54.279 | V |                      | Sending BuildStarted telemetry event ...
09:13:54.283 | V |                      |   build_components         = 
09:13:54.283 | V |                      |   build_type               = Project
09:13:54.283 | V |                      |   compile_time             = 9
09:13:54.283 | V |                      |   config_generators        = 
09:13:54.283 | V |                      |   host                     = Rider
09:13:54.283 | V |                      |   num_custom_components    = 0
09:13:54.283 | V |                      |   num_custom_extensions    = 0
09:13:54.283 | V |                      |   num_partitioned_targets  = 0
09:13:54.283 | V |                      |   num_secrets              = 0
09:13:54.283 | V |                      |   num_targets              = 12
09:13:54.283 | V |                      |   os_architecture          = X64
09:13:54.283 | V |                      |   os_platform              = Windows
09:13:54.283 | V |                      |   repo_branch              = main
09:13:54.283 | V |                      |   repo_commit              = e51050
09:13:54.283 | V |                      |   repo_provider            = GitHub
09:13:54.283 | V |                      |   repo_url                 = 8f9401
09:13:54.283 | V |                      |   target_framework         = .NETCoreApp,Version=v6.0
09:13:54.283 | V |                      |   version_dotnet_sdk       = 6.0.202
09:13:54.283 | V |                      |   version_nuke_common      = 6.0.2
09:13:54.283 | V |                      |   version_nuke_global_tool = 6.0.2
09:13:54.837 | V |                      | InjectNonParameterValues.OnBuildInitialized (-100)
09:13:54.838 | V |                      | EventInvoker.OnBuildInitialized (-3.4028235E+38)
09:14:00.292 | V | Clean                | EventInvoker.OnTargetRunning (-3.4028235E+38)
09:14:00.294 | V | Clean                | Telemetry.OnTargetSucceeded (0)
09:14:00.294 | V | Clean                | EventInvoker.OnTargetSucceeded (-3.4028235E+38)
09:14:00.298 | V | Restore              | EventInvoker.OnTargetRunning (-3.4028235E+38)
09:14:00.373 | I | Restore              | > "C:\Program Files\dotnet\dotnet.exe" restore "C:\Users\Undea\OneDrive\Рабочий стол\HoleDesignation\HoleDesignation\HoleDesignation.sln"
09:14:01.343 | D | Restore              |   Определение проектов для восстановления...
09:14:01.779 | D | Restore              |   Восстановлен C:\Users\Undea\OneDrive\Рабочий стол\HoleDesignation\HoleDesignation\HoleDesignation\HoleDesignation.csproj (за 178 ms).
09:14:01.780 | D | Restore              |   Восстановлен C:\Users\Undea\OneDrive\Рабочий стол\HoleDesignation\HoleDesignation\GENPRO_Design\GENPRO_Design.csproj (за 178 ms).
09:14:01.810 | V | Restore              | Telemetry.OnTargetSucceeded (0)
09:14:01.942 | V | Restore              | Sending TargetSucceeded telemetry event ...
09:14:01.943 | V | Restore              |   build_components         = 
09:14:01.943 | V | Restore              |   build_type               = Project
09:14:01.943 | V | Restore              |   compile_time             = 17
09:14:01.943 | V | Restore              |   config_generators        = 
09:14:01.943 | V | Restore              |   host                     = Rider
09:14:01.943 | V | Restore              |   num_custom_components    = 0
09:14:01.943 | V | Restore              |   num_custom_extensions    = 0
09:14:01.943 | V | Restore              |   num_partitioned_targets  = 0
09:14:01.943 | V | Restore              |   num_secrets              = 0
09:14:01.943 | V | Restore              |   num_targets              = 12
09:14:01.943 | V | Restore              |   os_architecture          = X64
09:14:01.943 | V | Restore              |   os_platform              = Windows
09:14:01.943 | V | Restore              |   repo_branch              = main
09:14:01.943 | V | Restore              |   repo_commit              = e51050
09:14:01.943 | V | Restore              |   repo_provider            = GitHub
09:14:01.943 | V | Restore              |   repo_url                 = 8f9401
09:14:01.943 | V | Restore              |   target_current_partition = 1
09:14:01.943 | V | Restore              |   target_duration          = 2
09:14:01.943 | V | Restore              |   target_framework         = .NETCoreApp,Version=v6.0
09:14:01.943 | V | Restore              |   target_name              = Restore
09:14:01.943 | V | Restore              |   target_total_partitions  = 1
09:14:01.943 | V | Restore              |   version_dotnet_sdk       = 6.0.202
09:14:01.943 | V | Restore              |   version_nuke_common      = 6.0.2
09:14:01.943 | V | Restore              |   version_nuke_global_tool = 6.0.2
09:14:03.403 | V | Restore              | EventInvoker.OnTargetSucceeded (-3.4028235E+38)
09:14:03.406 | V | CompileToTemp        | EventInvoker.OnTargetRunning (-3.4028235E+38)
09:14:03.412 | I | CompileToTemp        | > "C:\Program Files\dotnet\dotnet.exe" build "C:\Users\Undea\OneDrive\Рабочий стол\HoleDesignation\HoleDesignation\HoleDesignation\HoleDesignation.csproj" --configuration Debug --output C:\Users\Undea\AppData\Local\Temp\RxBim_build_3596ee17-c9eb-4831-8def-23fdd36ae522\bin
09:14:03.578 | D | CompileToTemp        | Microsoft (R) Build Engine версии 17.1.1+a02f73656 для .NET
09:14:03.579 | D | CompileToTemp        | (C) Корпорация Майкрософт (Microsoft Corporation). Все права защищены.
09:14:03.580 | D | CompileToTemp        | 
09:14:04.082 | D | CompileToTemp        |   Определение проектов для восстановления...
09:14:04.344 | D | CompileToTemp        |   Все проекты обновлены для восстановления.
09:14:04.754 | E | CompileToTemp        | C:\Program Files\dotnet\sdk\6.0.202\Microsoft.Common.CurrentVersion.targets(3261,5): error MSB3822: для ресурсов, не являющихся строковыми, во время выполнения требуется сборка System.Resources.Extensions, однако она не была найдена в ссылках этого проекта. [C:\Users\Undea\OneDrive\Рабочий стол\HoleDesignation\HoleDesignation\GENPRO_Design\GENPRO_Design.csproj]
09:14:04.762 | D | CompileToTemp        | 
09:14:04.763 | D | CompileToTemp        | Ошибка сборки.
09:14:04.763 | D | CompileToTemp        | 
09:14:04.764 | E | CompileToTemp        | C:\Program Files\dotnet\sdk\6.0.202\Microsoft.Common.CurrentVersion.targets(3261,5): error MSB3822: для ресурсов, не являющихся строковыми, во время выполнения требуется сборка System.Resources.Extensions, однако она не была найдена в ссылках этого проекта. [C:\Users\Undea\OneDrive\Рабочий стол\HoleDesignation\HoleDesignation\GENPRO_Design\GENPRO_Design.csproj]
09:14:04.765 | D | CompileToTemp        |     Предупреждений: 0
09:14:04.767 | D | CompileToTemp        |     Ошибок: 1
09:14:04.768 | D | CompileToTemp        | 
09:14:04.769 | D | CompileToTemp        | Прошло времени 00:00:01.13
09:14:04.810 | E | CompileToTemp        | Running target CompileToTemp failed
Nuke.Common.Tooling.ProcessException: Process 'dotnet.exe' exited with code 1.
   > "C:\Program Files\dotnet\dotnet.exe" build "C:\Users\Undea\OneDrive\Рабочий стол\HoleDesignation\HoleDesignation\HoleDesignation\HoleDesignation.csproj" --configuration Debug --output C:\Users\Undea\AppData\Local\Temp\RxBim_build_3596ee17-c9eb-4831-8def-23fdd36ae522\bin
   @ C:\Users\Undea\OneDrive\Рабочий стол\HoleDesignation\HoleDesignation

   at Nuke.Common.Tooling.ProcessExtensions.AssertZeroExitCode(IProcess process)
   at Nuke.Common.Tools.DotNet.DotNetTasks.DotNetBuild(DotNetBuildSettings toolSettings)
   at Nuke.Common.Tools.DotNet.DotNetTasks.DotNetBuild(Configure`1 configurator)
   at RevitBuild.<get_CompileToTemp>b__53_2()
   at Nuke.Common.Execution.BuildExecutor.<>c.<Execute>b__4_2(Action x)
   at Nuke.Common.Utilities.Collections.EnumerableExtensions.ForEach[T](IEnumerable`1 enumerable, Action`1 action)
   at Nuke.Common.Execution.BuildExecutor.Execute(NukeBuild build, ExecutableTarget target, IReadOnlyCollection`1 previouslyExecutedTargets, Boolean failureMode)
09:14:04.902 | V | CompileToTemp        | EventInvoker.OnTargetFailed (-3.4028235E+38)
